Analysis & Synthesis report for logicStep_lab4_waveform_top
Thu Mar 27 19:41:43 2025
Quartus Prime Version 18.1.0 Build 625 09/12/2018 SJ Standard Edition


---------------------
; Table of Contents ;
---------------------
  1. Legal Notice
  2. Analysis & Synthesis Summary
  3. Analysis & Synthesis Settings
  4. Parallel Compilation
  5. Analysis & Synthesis Source Files Read
  6. Analysis & Synthesis Resource Usage Summary
  7. Analysis & Synthesis Resource Utilization by Entity
  8. State Machine - |logicStep_lab4_waveform_top|State_Machine_Moore:INST9|current_state
  9. Registers Removed During Synthesis
 10. Removed Registers Triggering Further Register Optimizations
 11. General Register Statistics
 12. Multiplexer Restructuring Statistics (Restructuring Performed)
 13. Port Connectivity Checks: "segment7_mux:INST10"
 14. Port Connectivity Checks: "clock_generator:INST2"
 15. Port Connectivity Checks: "pb_inverters:INST1"
 16. Post-Synthesis Netlist Statistics for Top Partition
 17. Elapsed Time Per Partition
 18. Analysis & Synthesis Messages



----------------
; Legal Notice ;
----------------
Copyright (C) 2018  Intel Corporation. All rights reserved.
Your use of Intel Corporation's design tools, logic functions 
and other software and tools, and its AMPP partner logic 
functions, and any output files from any of the foregoing 
(including device programming or simulation files), and any 
associated documentation or information are expressly subject 
to the terms and conditions of the Intel Program License 
Subscription Agreement, the Intel Quartus Prime License Agreement,
the Intel FPGA IP License Agreement, or other applicable license
agreement, including, without limitation, that your use is for
the sole purpose of programming logic devices manufactured by
Intel and sold by Intel or its authorized distributors.  Please
refer to the applicable agreement for further details.



+-----------------------------------------------------------------------------------+
; Analysis & Synthesis Summary                                                      ;
+---------------------------------+-------------------------------------------------+
; Analysis & Synthesis Status     ; Successful - Thu Mar 27 19:41:43 2025           ;
; Quartus Prime Version           ; 18.1.0 Build 625 09/12/2018 SJ Standard Edition ;
; Revision Name                   ; logicStep_lab4_waveform_top                     ;
; Top-level Entity Name           ; logicStep_lab4_waveform_top                     ;
; Family                          ; Cyclone V                                       ;
; Logic utilization (in ALMs)     ; N/A                                             ;
; Total registers                 ; 59                                              ;
; Total pins                      ; 39                                              ;
; Total virtual pins              ; 0                                               ;
; Total block memory bits         ; 0                                               ;
; Total DSP Blocks                ; 0                                               ;
; Total HSSI RX PCSs              ; 0                                               ;
; Total HSSI PMA RX Deserializers ; 0                                               ;
; Total HSSI TX PCSs              ; 0                                               ;
; Total HSSI PMA TX Serializers   ; 0                                               ;
; Total PLLs                      ; 0                                               ;
; Total DLLs                      ; 0                                               ;
+---------------------------------+-------------------------------------------------+


+---------------------------------------------------------------------------------------------------------------------------------------------+
; Analysis & Synthesis Settings                                                                                                               ;
+---------------------------------------------------------------------------------+-----------------------------+-----------------------------+
; Option                                                                          ; Setting                     ; Default Value               ;
+---------------------------------------------------------------------------------+-----------------------------+-----------------------------+
; Device                                                                          ; 5CGXFC7C7F23C8              ;                             ;
; Top-level entity name                                                           ; logicStep_lab4_waveform_top ; logicStep_lab4_waveform_top ;
; Family name                                                                     ; Cyclone V                   ; Cyclone V                   ;
; Use smart compilation                                                           ; Off                         ; Off                         ;
; Enable parallel Assembler and Timing Analyzer during compilation                ; On                          ; On                          ;
; Enable compact report table                                                     ; Off                         ; Off                         ;
; Restructure Multiplexers                                                        ; Auto                        ; Auto                        ;
; MLAB Add Timing Constraints For Mixed-Port Feed-Through Mode Setting Don't Care ; Off                         ; Off                         ;
; Create Debugging Nodes for IP Cores                                             ; Off                         ; Off                         ;
; Preserve fewer node names                                                       ; On                          ; On                          ;
; Intel FPGA IP Evaluation Mode                                                   ; Enable                      ; Enable                      ;
; Verilog Version                                                                 ; Verilog_2001                ; Verilog_2001                ;
; VHDL Version                                                                    ; VHDL_1993                   ; VHDL_1993                   ;
; State Machine Processing                                                        ; Auto                        ; Auto                        ;
; Safe State Machine                                                              ; Off                         ; Off                         ;
; Extract Verilog State Machines                                                  ; On                          ; On                          ;
; Extract VHDL State Machines                                                     ; On                          ; On                          ;
; Ignore Verilog initial constructs                                               ; Off                         ; Off                         ;
; Iteration limit for constant Verilog loops                                      ; 5000                        ; 5000                        ;
; Iteration limit for non-constant Verilog loops                                  ; 250                         ; 250                         ;
; Add Pass-Through Logic to Inferred RAMs                                         ; On                          ; On                          ;
; Infer RAMs from Raw Logic                                                       ; On                          ; On                          ;
; Parallel Synthesis                                                              ; On                          ; On                          ;
; DSP Block Balancing                                                             ; Auto                        ; Auto                        ;
; NOT Gate Push-Back                                                              ; On                          ; On                          ;
; Power-Up Don't Care                                                             ; On                          ; On                          ;
; Remove Redundant Logic Cells                                                    ; Off                         ; Off                         ;
; Remove Duplicate Registers                                                      ; On                          ; On                          ;
; Ignore CARRY Buffers                                                            ; Off                         ; Off                         ;
; Ignore CASCADE Buffers                                                          ; Off                         ; Off                         ;
; Ignore GLOBAL Buffers                                                           ; Off                         ; Off                         ;
; Ignore ROW GLOBAL Buffers                                                       ; Off                         ; Off                         ;
; Ignore LCELL Buffers                                                            ; Off                         ; Off                         ;
; Ignore SOFT Buffers                                                             ; On                          ; On                          ;
; Limit AHDL Integers to 32 Bits                                                  ; Off                         ; Off                         ;
; Optimization Technique                                                          ; Balanced                    ; Balanced                    ;
; Carry Chain Length                                                              ; 70                          ; 70                          ;
; Auto Carry Chains                                                               ; On                          ; On                          ;
; Auto Open-Drain Pins                                                            ; On                          ; On                          ;
; Perform WYSIWYG Primitive Resynthesis                                           ; Off                         ; Off                         ;
; Auto ROM Replacement                                                            ; On                          ; On                          ;
; Auto RAM Replacement                                                            ; On                          ; On                          ;
; Auto DSP Block Replacement                                                      ; On                          ; On                          ;
; Auto Shift Register Replacement                                                 ; Auto                        ; Auto                        ;
; Allow Shift Register Merging across Hierarchies                                 ; Auto                        ; Auto                        ;
; Auto Clock Enable Replacement                                                   ; On                          ; On                          ;
; Strict RAM Replacement                                                          ; Off                         ; Off                         ;
; Allow Synchronous Control Signals                                               ; On                          ; On                          ;
; Force Use of Synchronous Clear Signals                                          ; Off                         ; Off                         ;
; Auto Resource Sharing                                                           ; Off                         ; Off                         ;
; Allow Any RAM Size For Recognition                                              ; Off                         ; Off                         ;
; Allow Any ROM Size For Recognition                                              ; Off                         ; Off                         ;
; Allow Any Shift Register Size For Recognition                                   ; Off                         ; Off                         ;
; Use LogicLock Constraints during Resource Balancing                             ; On                          ; On                          ;
; Ignore translate_off and synthesis_off directives                               ; Off                         ; Off                         ;
; Timing-Driven Synthesis                                                         ; On                          ; On                          ;
; Report Parameter Settings                                                       ; On                          ; On                          ;
; Report Source Assignments                                                       ; On                          ; On                          ;
; Report Connectivity Checks                                                      ; On                          ; On                          ;
; Ignore Maximum Fan-Out Assignments                                              ; Off                         ; Off                         ;
; Synchronization Register Chain Length                                           ; 3                           ; 3                           ;
; Power Optimization During Synthesis                                             ; Normal compilation          ; Normal compilation          ;
; HDL message level                                                               ; Level2                      ; Level2                      ;
; Suppress Register Optimization Related Messages                                 ; Off                         ; Off                         ;
; Number of Removed Registers Reported in Synthesis Report                        ; 5000                        ; 5000                        ;
; Number of Swept Nodes Reported in Synthesis Report                              ; 5000                        ; 5000                        ;
; Number of Inverted Registers Reported in Synthesis Report                       ; 100                         ; 100                         ;
; Clock MUX Protection                                                            ; On                          ; On                          ;
; Auto Gated Clock Conversion                                                     ; Off                         ; Off                         ;
; Block Design Naming                                                             ; Auto                        ; Auto                        ;
; SDC constraint protection                                                       ; Off                         ; Off                         ;
; Synthesis Effort                                                                ; Auto                        ; Auto                        ;
; Shift Register Replacement - Allow Asynchronous Clear Signal                    ; On                          ; On                          ;
; Pre-Mapping Resynthesis Optimization                                            ; Off                         ; Off                         ;
; Analysis & Synthesis Message Level                                              ; Medium                      ; Medium                      ;
; Disable Register Merging Across Hierarchies                                     ; Auto                        ; Auto                        ;
; Resource Aware Inference For Block RAM                                          ; On                          ; On                          ;
; Automatic Parallel Synthesis                                                    ; On                          ; On                          ;
; Partial Reconfiguration Bitstream ID                                            ; Off                         ; Off                         ;
+---------------------------------------------------------------------------------+-----------------------------+-----------------------------+


+------------------------------------------+
; Parallel Compilation                     ;
+----------------------------+-------------+
; Processors                 ; Number      ;
+----------------------------+-------------+
; Number detected on machine ; 16          ;
; Maximum allowed            ; 12          ;
;                            ;             ;
; Average used               ; 1.00        ;
; Maximum used               ; 12          ;
;                            ;             ;
; Usage by Processor         ; % Time Used ;
;     Processor 1            ; 100.0%      ;
;     Processors 2-12        ;   0.0%      ;
+----------------------------+-------------+


+---------------------------------------------------------------------------------------------------------------------------------------------------------------+
; Analysis & Synthesis Source Files Read                                                                                                                        ;
+----------------------------------+-----------------+-----------------------+------------------------------------------------------------------------+---------+
; File Name with User-Entered Path ; Used in Netlist ; File Type             ; File Name with Absolute Path                                           ; Library ;
+----------------------------------+-----------------+-----------------------+------------------------------------------------------------------------+---------+
; logicstep_lab4_waveform_top.vhd  ; yes             ; Auto-Found VHDL File  ; C:/Users/nmiscan/ECE-124/LAB4_WAVEFORM/logicstep_lab4_waveform_top.vhd ;         ;
; pb_inverters.vhd                 ; yes             ; Auto-Found VHDL File  ; C:/Users/nmiscan/ECE-124/LAB4_WAVEFORM/pb_inverters.vhd                ;         ;
; clock_generator.vhd              ; yes             ; Auto-Found VHDL File  ; C:/Users/nmiscan/ECE-124/LAB4_WAVEFORM/clock_generator.vhd             ;         ;
; pb_filters.vhd                   ; yes             ; Auto-Found VHDL File  ; C:/Users/nmiscan/ECE-124/LAB4_WAVEFORM/pb_filters.vhd                  ;         ;
; synchronizer.vhd                 ; yes             ; Auto-Found VHDL File  ; C:/Users/nmiscan/ECE-124/LAB4_WAVEFORM/synchronizer.vhd                ;         ;
; holding_register.vhd             ; yes             ; Auto-Found VHDL File  ; C:/Users/nmiscan/ECE-124/LAB4_WAVEFORM/holding_register.vhd            ;         ;
; state_machine_moore.vhd          ; yes             ; Auto-Found VHDL File  ; C:/Users/nmiscan/ECE-124/LAB4_WAVEFORM/state_machine_moore.vhd         ;         ;
; segment7_mux.vhd                 ; yes             ; Auto-Found VHDL File  ; C:/Users/nmiscan/ECE-124/LAB4_WAVEFORM/segment7_mux.vhd                ;         ;
+----------------------------------+-----------------+-----------------------+------------------------------------------------------------------------+---------+


+--------------------------------------------------------------+
; Analysis & Synthesis Resource Usage Summary                  ;
+---------------------------------------------+----------------+
; Resource                                    ; Usage          ;
+---------------------------------------------+----------------+
; Estimate of Logic utilization (ALMs needed) ; 39             ;
;                                             ;                ;
; Combinational ALUT usage for logic          ; 65             ;
;     -- 7 input functions                    ; 0              ;
;     -- 6 input functions                    ; 9              ;
;     -- 5 input functions                    ; 4              ;
;     -- 4 input functions                    ; 9              ;
;     -- <=3 input functions                  ; 43             ;
;                                             ;                ;
; Dedicated logic registers                   ; 59             ;
;                                             ;                ;
; I/O pins                                    ; 39             ;
;                                             ;                ;
; Total DSP Blocks                            ; 0              ;
;                                             ;                ;
; Maximum fan-out node                        ; clkin_50~input ;
; Maximum fan-out                             ; 59             ;
; Total fan-out                               ; 415            ;
; Average fan-out                             ; 2.05           ;
+---------------------------------------------+----------------+


+-----------------------------------------------------------------------------------------------------------------------------------------------------------------------------------------------------------------------------------------------+
; Analysis & Synthesis Resource Utilization by Entity                                                                                                                                                                                           ;
+--------------------------------+---------------------+---------------------------+-------------------+------------+------+--------------+--------------------------------------------------------+-----------------------------+--------------+
; Compilation Hierarchy Node     ; Combinational ALUTs ; Dedicated Logic Registers ; Block Memory Bits ; DSP Blocks ; Pins ; Virtual Pins ; Full Hierarchy Name                                    ; Entity Name                 ; Library Name ;
+--------------------------------+---------------------+---------------------------+-------------------+------------+------+--------------+--------------------------------------------------------+-----------------------------+--------------+
; |logicStep_lab4_waveform_top   ; 65 (0)              ; 59 (0)                    ; 0                 ; 0          ; 39   ; 0            ; |logicStep_lab4_waveform_top                           ; logicStep_lab4_waveform_top ; work         ;
;    |Clock_generator:INST2|     ; 6 (6)               ; 8 (8)                     ; 0                 ; 0          ; 0    ; 0            ; |logicStep_lab4_waveform_top|Clock_generator:INST2     ; Clock_generator             ; work         ;
;    |PB_filters:INST3|          ; 1 (1)               ; 16 (16)                   ; 0                 ; 0          ; 0    ; 0            ; |logicStep_lab4_waveform_top|PB_filters:INST3          ; PB_filters                  ; work         ;
;    |State_Machine_Moore:INST9| ; 36 (36)             ; 16 (16)                   ; 0                 ; 0          ; 0    ; 0            ; |logicStep_lab4_waveform_top|State_Machine_Moore:INST9 ; State_Machine_Moore         ; work         ;
;    |holding_register:INST6|    ; 1 (1)               ; 1 (1)                     ; 0                 ; 0          ; 0    ; 0            ; |logicStep_lab4_waveform_top|holding_register:INST6    ; holding_register            ; work         ;
;    |holding_register:INST8|    ; 1 (1)               ; 1 (1)                     ; 0                 ; 0          ; 0    ; 0            ; |logicStep_lab4_waveform_top|holding_register:INST8    ; holding_register            ; work         ;
;    |segment7_mux:INST10|       ; 14 (14)             ; 11 (11)                   ; 0                 ; 0          ; 0    ; 0            ; |logicStep_lab4_waveform_top|segment7_mux:INST10       ; segment7_mux                ; work         ;
;    |synchronizer:INST4|        ; 2 (2)               ; 2 (2)                     ; 0                 ; 0          ; 0    ; 0            ; |logicStep_lab4_waveform_top|synchronizer:INST4        ; synchronizer                ; work         ;
;    |synchronizer:INST5|        ; 2 (2)               ; 2 (2)                     ; 0                 ; 0          ; 0    ; 0            ; |logicStep_lab4_waveform_top|synchronizer:INST5        ; synchronizer                ; work         ;
;    |synchronizer:INST7|        ; 2 (2)               ; 2 (2)                     ; 0                 ; 0          ; 0    ; 0            ; |logicStep_lab4_waveform_top|synchronizer:INST7        ; synchronizer                ; work         ;
+--------------------------------+---------------------+---------------------------+-------------------+------------+------+--------------+--------------------------------------------------------+-----------------------------+--------------+
Note: For table entries with two numbers listed, the numbers in parentheses indicate the number of resources of the given type used by the specific entity alone. The numbers listed outside of parentheses indicate the total resources of the given type used by the specific entity and all of its sub-entities in the hierarchy.


Encoding Type:  One-Hot
+-----------------------------------------------------------------------------------------------------------------------------------------------------------------------------------------------------------------------------------------------------------------------------------------------------------------------------------------+
; State Machine - |logicStep_lab4_waveform_top|State_Machine_Moore:INST9|current_state                                                                                                                                                                                                                                                    ;
+-------------------+-------------------+-------------------+-------------------+-------------------+-------------------+-------------------+------------------+------------------+------------------+------------------+------------------+------------------+------------------+------------------+------------------+------------------+
; Name              ; current_state.S15 ; current_state.S14 ; current_state.S13 ; current_state.S12 ; current_state.S11 ; current_state.S10 ; current_state.S9 ; current_state.S8 ; current_state.S7 ; current_state.S6 ; current_state.S5 ; current_state.S4 ; current_state.S3 ; current_state.S2 ; current_state.S1 ; current_state.S0 ;
+-------------------+-------------------+-------------------+-------------------+-------------------+-------------------+-------------------+------------------+------------------+------------------+------------------+------------------+------------------+------------------+------------------+------------------+------------------+
; current_state.S0  ; 0                 ; 0                 ; 0                 ; 0                 ; 0                 ; 0                 ; 0                ; 0                ; 0                ; 0                ; 0                ; 0                ; 0                ; 0                ; 0                ; 0                ;
; current_state.S1  ; 0                 ; 0                 ; 0                 ; 0                 ; 0                 ; 0                 ; 0                ; 0                ; 0                ; 0                ; 0                ; 0                ; 0                ; 0                ; 1                ; 1                ;
; current_state.S2  ; 0                 ; 0                 ; 0                 ; 0                 ; 0                 ; 0                 ; 0                ; 0                ; 0                ; 0                ; 0                ; 0                ; 0                ; 1                ; 0                ; 1                ;
; current_state.S3  ; 0                 ; 0                 ; 0                 ; 0                 ; 0                 ; 0                 ; 0                ; 0                ; 0                ; 0                ; 0                ; 0                ; 1                ; 0                ; 0                ; 1                ;
; current_state.S4  ; 0                 ; 0                 ; 0                 ; 0                 ; 0                 ; 0                 ; 0                ; 0                ; 0                ; 0                ; 0                ; 1                ; 0                ; 0                ; 0                ; 1                ;
; current_state.S5  ; 0                 ; 0                 ; 0                 ; 0                 ; 0                 ; 0                 ; 0                ; 0                ; 0                ; 0                ; 1                ; 0                ; 0                ; 0                ; 0                ; 1                ;
; current_state.S6  ; 0                 ; 0                 ; 0                 ; 0                 ; 0                 ; 0                 ; 0                ; 0                ; 0                ; 1                ; 0                ; 0                ; 0                ; 0                ; 0                ; 1                ;
; current_state.S7  ; 0                 ; 0                 ; 0                 ; 0                 ; 0                 ; 0                 ; 0                ; 0                ; 1                ; 0                ; 0                ; 0                ; 0                ; 0                ; 0                ; 1                ;
; current_state.S8  ; 0                 ; 0                 ; 0                 ; 0                 ; 0                 ; 0                 ; 0                ; 1                ; 0                ; 0                ; 0                ; 0                ; 0                ; 0                ; 0                ; 1                ;
; current_state.S9  ; 0                 ; 0                 ; 0                 ; 0                 ; 0                 ; 0                 ; 1                ; 0                ; 0                ; 0                ; 0                ; 0                ; 0                ; 0                ; 0                ; 1                ;
; current_state.S10 ; 0                 ; 0                 ; 0                 ; 0                 ; 0                 ; 1                 ; 0                ; 0                ; 0                ; 0                ; 0                ; 0                ; 0                ; 0                ; 0                ; 1                ;
; current_state.S11 ; 0                 ; 0                 ; 0                 ; 0                 ; 1                 ; 0                 ; 0                ; 0                ; 0                ; 0                ; 0                ; 0                ; 0                ; 0                ; 0                ; 1                ;
; current_state.S12 ; 0                 ; 0                 ; 0                 ; 1                 ; 0                 ; 0                 ; 0                ; 0                ; 0                ; 0                ; 0                ; 0                ; 0                ; 0                ; 0                ; 1                ;
; current_state.S13 ; 0                 ; 0                 ; 1                 ; 0                 ; 0                 ; 0                 ; 0                ; 0                ; 0                ; 0                ; 0                ; 0                ; 0                ; 0                ; 0                ; 1                ;
; current_state.S14 ; 0                 ; 1                 ; 0                 ; 0                 ; 0                 ; 0                 ; 0                ; 0                ; 0                ; 0                ; 0                ; 0                ; 0                ; 0                ; 0                ; 1                ;
; current_state.S15 ; 1                 ; 0                 ; 0                 ; 0                 ; 0                 ; 0                 ; 0                ; 0                ; 0                ; 0                ; 0                ; 0                ; 0                ; 0                ; 0                ; 1                ;
+-------------------+-------------------+-------------------+-------------------+-------------------+-------------------+-------------------+------------------+------------------+------------------+------------------+------------------+------------------+------------------+------------------+------------------+------------------+


+------------------------------------------------------------------------+
; Registers Removed During Synthesis                                     ;
+---------------------------------------------------+--------------------+
; Register name                                     ; Reason for Removal ;
+---------------------------------------------------+--------------------+
; Clock_generator:INST2|\clk_divider:counter[5..25] ; Lost fanout        ;
; Total Number of Removed Registers = 21            ;                    ;
+---------------------------------------------------+--------------------+


+-----------------------------------------------------------------------------------------------------------------------+
; Removed Registers Triggering Further Register Optimizations                                                           ;
+------------------------------------------------+--------------------+-------------------------------------------------+
; Register name                                  ; Reason for Removal ; Registers Removed due to This Register          ;
+------------------------------------------------+--------------------+-------------------------------------------------+
; Clock_generator:INST2|\clk_divider:counter[25] ; Lost Fanouts       ; Clock_generator:INST2|\clk_divider:counter[24], ;
;                                                ;                    ; Clock_generator:INST2|\clk_divider:counter[23], ;
;                                                ;                    ; Clock_generator:INST2|\clk_divider:counter[22], ;
;                                                ;                    ; Clock_generator:INST2|\clk_divider:counter[21], ;
;                                                ;                    ; Clock_generator:INST2|\clk_divider:counter[20], ;
;                                                ;                    ; Clock_generator:INST2|\clk_divider:counter[19], ;
;                                                ;                    ; Clock_generator:INST2|\clk_divider:counter[18], ;
;                                                ;                    ; Clock_generator:INST2|\clk_divider:counter[17], ;
;                                                ;                    ; Clock_generator:INST2|\clk_divider:counter[16], ;
;                                                ;                    ; Clock_generator:INST2|\clk_divider:counter[15], ;
;                                                ;                    ; Clock_generator:INST2|\clk_divider:counter[14], ;
;                                                ;                    ; Clock_generator:INST2|\clk_divider:counter[13], ;
;                                                ;                    ; Clock_generator:INST2|\clk_divider:counter[12], ;
;                                                ;                    ; Clock_generator:INST2|\clk_divider:counter[11], ;
;                                                ;                    ; Clock_generator:INST2|\clk_divider:counter[10], ;
;                                                ;                    ; Clock_generator:INST2|\clk_divider:counter[9],  ;
;                                                ;                    ; Clock_generator:INST2|\clk_divider:counter[8],  ;
;                                                ;                    ; Clock_generator:INST2|\clk_divider:counter[7],  ;
;                                                ;                    ; Clock_generator:INST2|\clk_divider:counter[6],  ;
;                                                ;                    ; Clock_generator:INST2|\clk_divider:counter[5]   ;
+------------------------------------------------+--------------------+-------------------------------------------------+


+------------------------------------------------------+
; General Register Statistics                          ;
+----------------------------------------------+-------+
; Statistic                                    ; Value ;
+----------------------------------------------+-------+
; Total registers                              ; 59    ;
; Number of registers using Synchronous Clear  ; 18    ;
; Number of registers using Synchronous Load   ; 0     ;
; Number of registers using Asynchronous Clear ; 0     ;
; Number of registers using Asynchronous Load  ; 0     ;
; Number of registers using Clock Enable       ; 15    ;
; Number of registers using Preset             ; 0     ;
+----------------------------------------------+-------+


+------------------------------------------------------------------------------------------------------------------------------------------------------------------------------------+
; Multiplexer Restructuring Statistics (Restructuring Performed)                                                                                                                     ;
+--------------------+-----------+---------------+----------------------+------------------------+------------+----------------------------------------------------------------------+
; Multiplexer Inputs ; Bus Width ; Baseline Area ; Area if Restructured ; Saving if Restructured ; Registered ; Example Multiplexer Output                                           ;
+--------------------+-----------+---------------+----------------------+------------------------+------------+----------------------------------------------------------------------+
; 3:1                ; 11 bits   ; 22 LEs        ; 22 LEs               ; 0 LEs                  ; No         ; |logicStep_lab4_waveform_top|State_Machine_Moore:INST9|current_state ;
+--------------------+-----------+---------------+----------------------+------------------------+------------+----------------------------------------------------------------------+


+-------------------------------------------------+
; Port Connectivity Checks: "segment7_mux:INST10" ;
+------------+-------+----------+-----------------+
; Port       ; Type  ; Severity ; Details         ;
+------------+-------+----------+-----------------+
; din2[5..4] ; Input ; Info     ; Stuck at GND    ;
; din2[2..1] ; Input ; Info     ; Stuck at GND    ;
; din1[5..4] ; Input ; Info     ; Stuck at GND    ;
; din1[2..1] ; Input ; Info     ; Stuck at GND    ;
+------------+-------+----------+-----------------+


+---------------------------------------------------+
; Port Connectivity Checks: "clock_generator:INST2" ;
+----------+-------+----------+---------------------+
; Port     ; Type  ; Severity ; Details             ;
+----------+-------+----------+---------------------+
; sim_mode ; Input ; Info     ; Stuck at VCC        ;
+----------+-------+----------+---------------------+


+-----------------------------------------------------------------------------------------------------------------+
; Port Connectivity Checks: "pb_inverters:INST1"                                                                  ;
+-------+--------+----------+-------------------------------------------------------------------------------------+
; Port  ; Type   ; Severity ; Details                                                                             ;
+-------+--------+----------+-------------------------------------------------------------------------------------+
; pb[2] ; Output ; Info     ; Connected to dangling logic. Logic that only feeds a dangling port will be removed. ;
+-------+--------+----------+-------------------------------------------------------------------------------------+


+-----------------------------------------------------+
; Post-Synthesis Netlist Statistics for Top Partition ;
+-----------------------+-----------------------------+
; Type                  ; Count                       ;
+-----------------------+-----------------------------+
; arriav_ff             ; 59                          ;
;     ENA               ; 8                           ;
;     ENA SCLR          ; 7                           ;
;     SCLR              ; 11                          ;
;     plain             ; 33                          ;
; arriav_io_obuf        ; 1                           ;
; arriav_lcell_comb     ; 75                          ;
;     arith             ; 15                          ;
;         1 data inputs ; 14                          ;
;         2 data inputs ; 1                           ;
;     normal            ; 60                          ;
;         0 data inputs ; 1                           ;
;         1 data inputs ; 10                          ;
;         2 data inputs ; 17                          ;
;         3 data inputs ; 10                          ;
;         4 data inputs ; 9                           ;
;         5 data inputs ; 4                           ;
;         6 data inputs ; 9                           ;
; boundary_port         ; 39                          ;
;                       ;                             ;
; Max LUT depth         ; 3.00                        ;
; Average LUT depth     ; 1.52                        ;
+-----------------------+-----------------------------+


+-------------------------------+
; Elapsed Time Per Partition    ;
+----------------+--------------+
; Partition Name ; Elapsed Time ;
+----------------+--------------+
; Top            ; 00:00:00     ;
+----------------+--------------+


+-------------------------------+
; Analysis & Synthesis Messages ;
+-------------------------------+
Info: *******************************************************************
Info: Running Quartus Prime Analysis & Synthesis
    Info: Version 18.1.0 Build 625 09/12/2018 SJ Standard Edition
    Info: Processing started: Thu Mar 27 19:41:36 2025
Info: Command: quartus_map --read_settings_files=on --write_settings_files=off logicStep_lab4_waveform -c logicStep_lab4_waveform_top
Warning (18236): Number of processors has not been specified which may cause overloading on shared machines.  Set the global assignment NUM_PARALLEL_PROCESSORS in your QSF to an appropriate value for best performance.
Info (20030): Parallel compilation is enabled and will use 12 of the 12 processors detected
Warning (12125): Using design file logicstep_lab4_waveform_top.vhd, which is not specified as a design file for the current project, but contains definitions for 2 design units and 1 entities in project
    Info (12022): Found design unit 1: logicStep_lab4_waveform_top-SimpleCircuit File: C:/Users/nmiscan/ECE-124/LAB4_WAVEFORM/logicstep_lab4_waveform_top.vhd Line: 45
    Info (12023): Found entity 1: logicStep_lab4_waveform_top File: C:/Users/nmiscan/ECE-124/LAB4_WAVEFORM/logicstep_lab4_waveform_top.vhd Line: 12
Info (12127): Elaborating entity "logicStep_lab4_waveform_top" for the top level hierarchy
Warning (12125): Using design file pb_inverters.vhd, which is not specified as a design file for the current project, but contains definitions for 2 design units and 1 entities in project
    Info (12022): Found design unit 1: PB_inverters-ckt File: C:/Users/nmiscan/ECE-124/LAB4_WAVEFORM/pb_inverters.vhd Line: 23
    Info (12023): Found entity 1: PB_inverters File: C:/Users/nmiscan/ECE-124/LAB4_WAVEFORM/pb_inverters.vhd Line: 11
Info (12128): Elaborating entity "pb_inverters" for hierarchy "pb_inverters:INST1" File: C:/Users/nmiscan/ECE-124/LAB4_WAVEFORM/logicstep_lab4_waveform_top.vhd Line: 176
Warning (12125): Using design file clock_generator.vhd, which is not specified as a design file for the current project, but contains definitions for 2 design units and 1 entities in project
    Info (12022): Found design unit 1: Clock_generator-rtl File: C:/Users/nmiscan/ECE-124/LAB4_WAVEFORM/clock_generator.vhd Line: 23
    Info (12023): Found entity 1: Clock_generator File: C:/Users/nmiscan/ECE-124/LAB4_WAVEFORM/clock_generator.vhd Line: 10
Info (12128): Elaborating entity "clock_generator" for hierarchy "clock_generator:INST2" File: C:/Users/nmiscan/ECE-124/LAB4_WAVEFORM/logicstep_lab4_waveform_top.vhd Line: 177
Warning (12125): Using design file pb_filters.vhd, which is not specified as a design file for the current project, but contains definitions for 2 design units and 1 entities in project
    Info (12022): Found design unit 1: PB_filters-ckt File: C:/Users/nmiscan/ECE-124/LAB4_WAVEFORM/pb_filters.vhd Line: 13
    Info (12023): Found entity 1: PB_filters File: C:/Users/nmiscan/ECE-124/LAB4_WAVEFORM/pb_filters.vhd Line: 4
Info (12128): Elaborating entity "PB_filters" for hierarchy "PB_filters:INST3" File: C:/Users/nmiscan/ECE-124/LAB4_WAVEFORM/logicstep_lab4_waveform_top.vhd Line: 178
Warning (10492): VHDL Process Statement warning at pb_filters.vhd(35): signal "sreg4" is read inside the Process Statement but isn't in the Process Statement's sensitivity list File: C:/Users/nmiscan/ECE-124/LAB4_WAVEFORM/pb_filters.vhd Line: 35
Warning (10492): VHDL Process Statement warning at pb_filters.vhd(37): signal "sreg3" is read inside the Process Statement but isn't in the Process Statement's sensitivity list File: C:/Users/nmiscan/ECE-124/LAB4_WAVEFORM/pb_filters.vhd Line: 37
Warning (10492): VHDL Process Statement warning at pb_filters.vhd(38): signal "sreg2" is read inside the Process Statement but isn't in the Process Statement's sensitivity list File: C:/Users/nmiscan/ECE-124/LAB4_WAVEFORM/pb_filters.vhd Line: 38
Warning (10492): VHDL Process Statement warning at pb_filters.vhd(39): signal "sreg1" is read inside the Process Statement but isn't in the Process Statement's sensitivity list File: C:/Users/nmiscan/ECE-124/LAB4_WAVEFORM/pb_filters.vhd Line: 39
Warning (10492): VHDL Process Statement warning at pb_filters.vhd(40): signal "sreg0" is read inside the Process Statement but isn't in the Process Statement's sensitivity list File: C:/Users/nmiscan/ECE-124/LAB4_WAVEFORM/pb_filters.vhd Line: 40
Warning (12125): Using design file synchronizer.vhd, which is not specified as a design file for the current project, but contains definitions for 2 design units and 1 entities in project
    Info (12022): Found design unit 1: synchronizer-circuit File: C:/Users/nmiscan/ECE-124/LAB4_WAVEFORM/synchronizer.vhd Line: 23
    Info (12023): Found entity 1: synchronizer File: C:/Users/nmiscan/ECE-124/LAB4_WAVEFORM/synchronizer.vhd Line: 11
Info (12128): Elaborating entity "synchronizer" for hierarchy "synchronizer:INST4" File: C:/Users/nmiscan/ECE-124/LAB4_WAVEFORM/logicstep_lab4_waveform_top.vhd Line: 179
Warning (12125): Using design file holding_register.vhd, which is not specified as a design file for the current project, but contains definitions for 2 design units and 1 entities in project
    Info (12022): Found design unit 1: holding_register-circuit File: C:/Users/nmiscan/ECE-124/LAB4_WAVEFORM/holding_register.vhd Line: 24
    Info (12023): Found entity 1: holding_register File: C:/Users/nmiscan/ECE-124/LAB4_WAVEFORM/holding_register.vhd Line: 11
Info (12128): Elaborating entity "holding_register" for hierarchy "holding_register:INST6" File: C:/Users/nmiscan/ECE-124/LAB4_WAVEFORM/logicstep_lab4_waveform_top.vhd Line: 183
Warning (12125): Using design file state_machine_moore.vhd, which is not specified as a design file for the current project, but contains definitions for 2 design units and 1 entities in project
    Info (12022): Found design unit 1: State_Machine_Moore-SM File: C:/Users/nmiscan/ECE-124/LAB4_WAVEFORM/state_machine_moore.vhd Line: 38
    Info (12023): Found entity 1: State_Machine_Moore File: C:/Users/nmiscan/ECE-124/LAB4_WAVEFORM/state_machine_moore.vhd Line: 12
Info (12128): Elaborating entity "State_Machine_Moore" for hierarchy "State_Machine_Moore:INST9" File: C:/Users/nmiscan/ECE-124/LAB4_WAVEFORM/logicstep_lab4_waveform_top.vhd Line: 189
Warning (10492): VHDL Process Statement warning at state_machine_moore.vhd(410): signal "offline" is read inside the Process Statement but isn't in the Process Statement's sensitivity list File: C:/Users/nmiscan/ECE-124/LAB4_WAVEFORM/state_machine_moore.vhd Line: 410
Warning (12125): Using design file segment7_mux.vhd, which is not specified as a design file for the current project, but contains definitions for 2 design units and 1 entities in project
    Info (12022): Found design unit 1: segment7_mux-syn File: C:/Users/nmiscan/ECE-124/LAB4_WAVEFORM/segment7_mux.vhd Line: 67
    Info (12023): Found entity 1: segment7_mux File: C:/Users/nmiscan/ECE-124/LAB4_WAVEFORM/segment7_mux.vhd Line: 52
Info (12128): Elaborating entity "segment7_mux" for hierarchy "segment7_mux:INST10" File: C:/Users/nmiscan/ECE-124/LAB4_WAVEFORM/logicstep_lab4_waveform_top.vhd Line: 193
Warning (13030): Reduced the following open-drain buffers that are fed by GND
    Warning (13031): Reduced fanout from the always-enabled open-drain buffer "segment7_mux:INST10|DOUT[1]" to the output pin "seg7_data[1]" to GND File: C:/Users/nmiscan/ECE-124/LAB4_WAVEFORM/segment7_mux.vhd Line: 57
    Warning (13031): Reduced fanout from the always-enabled open-drain buffer "segment7_mux:INST10|DOUT[5]" to the output pin "seg7_data[5]" to GND File: C:/Users/nmiscan/ECE-124/LAB4_WAVEFORM/segment7_mux.vhd Line: 57
Warning (13024): Output pins are stuck at VCC or GND
    Warning (13410): Pin "seg7_data[1]" is stuck at GND File: C:/Users/nmiscan/ECE-124/LAB4_WAVEFORM/logicstep_lab4_waveform_top.vhd Line: 24
    Warning (13410): Pin "seg7_data[2]" is stuck at GND File: C:/Users/nmiscan/ECE-124/LAB4_WAVEFORM/logicstep_lab4_waveform_top.vhd Line: 24
    Warning (13410): Pin "seg7_data[4]" is stuck at GND File: C:/Users/nmiscan/ECE-124/LAB4_WAVEFORM/logicstep_lab4_waveform_top.vhd Line: 24
    Warning (13410): Pin "seg7_data[5]" is stuck at GND File: C:/Users/nmiscan/ECE-124/LAB4_WAVEFORM/logicstep_lab4_waveform_top.vhd Line: 24
Info (286030): Timing-Driven Synthesis is running
Info (17049): 21 registers lost all their fanouts during netlist optimizations.
Info (16010): Generating hard_block partition "hard_block:auto_generated_inst"
    Info (16011): Adding 0 node(s), including 0 DDIO, 0 PLL, 0 transceiver and 0 LCELL
Warning (21074): Design contains 8 input pin(s) that do not drive logic
    Warning (15610): No output dependent on input pin "pb_n[2]" File: C:/Users/nmiscan/ECE-124/LAB4_WAVEFORM/logicstep_lab4_waveform_top.vhd Line: 15
    Warning (15610): No output dependent on input pin "sw[1]" File: C:/Users/nmiscan/ECE-124/LAB4_WAVEFORM/logicstep_lab4_waveform_top.vhd Line: 16
    Warning (15610): No output dependent on input pin "sw[2]" File: C:/Users/nmiscan/ECE-124/LAB4_WAVEFORM/logicstep_lab4_waveform_top.vhd Line: 16
    Warning (15610): No output dependent on input pin "sw[3]" File: C:/Users/nmiscan/ECE-124/LAB4_WAVEFORM/logicstep_lab4_waveform_top.vhd Line: 16
    Warning (15610): No output dependent on input pin "sw[4]" File: C:/Users/nmiscan/ECE-124/LAB4_WAVEFORM/logicstep_lab4_waveform_top.vhd Line: 16
    Warning (15610): No output dependent on input pin "sw[5]" File: C:/Users/nmiscan/ECE-124/LAB4_WAVEFORM/logicstep_lab4_waveform_top.vhd Line: 16
    Warning (15610): No output dependent on input pin "sw[6]" File: C:/Users/nmiscan/ECE-124/LAB4_WAVEFORM/logicstep_lab4_waveform_top.vhd Line: 16
    Warning (15610): No output dependent on input pin "sw[7]" File: C:/Users/nmiscan/ECE-124/LAB4_WAVEFORM/logicstep_lab4_waveform_top.vhd Line: 16
Info (21057): Implemented 123 device resources after synthesis - the final resource count might be different
    Info (21058): Implemented 14 input pins
    Info (21059): Implemented 25 output pins
    Info (21061): Implemented 84 logic cells
Info: Quartus Prime Analysis & Synthesis was successful. 0 errors, 32 warnings
    Info: Peak virtual memory: 4891 megabytes
    Info: Processing ended: Thu Mar 27 19:41:43 2025
    Info: Elapsed time: 00:00:07
    Info: Total CPU time (on all processors): 00:00:16


